d:\study\system_programming\lab02\lab02_proc1\debug\lab02_proc1.pch
d:\study\system_programming\lab02\lab02_proc1\debug\vc141.pdb
d:\study\system_programming\lab02\lab02_proc1\debug\vc141.idb
d:\study\system_programming\lab02\lab02_proc1\debug\stdafx.obj
d:\study\system_programming\lab02\lab02_proc1\debug\lab02_proc1.obj
d:\study\system_programming\lab02\lab02_proc1\debug\lab02_proc1.res
d:\study\system_programming\lab02\debug\lab02_proc1.pdb
d:\study\system_programming\lab02\lab02_proc1\debug\lab02_proc1.tlog\cl.command.1.tlog
d:\study\system_programming\lab02\lab02_proc1\debug\lab02_proc1.tlog\cl.read.1.tlog
d:\study\system_programming\lab02\lab02_proc1\debug\lab02_proc1.tlog\cl.write.1.tlog
d:\study\system_programming\lab02\lab02_proc1\debug\lab02_proc1.tlog\link-cvtres.read.1.tlog
d:\study\system_programming\lab02\lab02_proc1\debug\lab02_proc1.tlog\link-cvtres.write.1.tlog
d:\study\system_programming\lab02\lab02_proc1\debug\lab02_proc1.tlog\link-rc.read.1.tlog
d:\study\system_programming\lab02\lab02_proc1\debug\lab02_proc1.tlog\link-rc.write.1.tlog
d:\study\system_programming\lab02\lab02_proc1\debug\lab02_proc1.tlog\link.command.1.tlog
d:\study\system_programming\lab02\lab02_proc1\debug\lab02_proc1.tlog\link.read.1.tlog
d:\study\system_programming\lab02\lab02_proc1\debug\lab02_proc1.tlog\link.write.1.tlog
d:\study\system_programming\lab02\lab02_proc1\debug\lab02_proc1.tlog\rc.command.1.tlog
d:\study\system_programming\lab02\lab02_proc1\debug\lab02_proc1.tlog\rc.read.1.tlog
d:\study\system_programming\lab02\lab02_proc1\debug\lab02_proc1.tlog\rc.write.1.tlog
